638694 936696 525
18563 308182 443
50328 569584 470
502849 479758 426
887872 456980 525
38477 925220 525
796702 905042 525
974793 620079 525
877938 555597 525
893969 118567 525
262501 60117 443
275457 937335 525
776662 612744 509
230003 647969 509
412679 563660 470
543716 925522 525
759867 895392 525
70546 435143 449
594552 586165 403
807176 802446 375
693295 506401 509
143223 844118 525
562838 149369 470
899215 38517 525
295348 505614 449
848416 63187 525
907610 174060 525
680929 232495 509
540038 450329 470
883986 312063 525
514638 245 470
744330 792269 468
323298 867565 525
679503 605564 509
833836 554909 509
857313 101796 525
599775 110419 470
588853 467535 470
245966 61555 443
30472 558068 470
493894 791306 509
308552 960417 525
871894 254127 525
830799 961656 525
950864 955647 414
872152 568349 525
404418 395861 387
431977 668891 509
690801 428779 509
391433 785958 509
375243 929425 525
469283 53031 449
791458 231860 509
613256 790277 509
336661 376362 441
518882 429697 470
355664 696600 509
383357 330177 441
557682 800481 509
236975 768 443
651541 190118 509
671025 295948 509
499216 285279 449
598773 491031 470
320068 790939 509
558321 649740 509
969039 540609 525
856373 757145 525
884381 8116 525
994884 435658 525
372086 310325 441
125687 87241 354
716587 787510 468
173218 944009 525
974591 796341 525
533577 247891 470
465405 831750 509
791244 2015 509
152337 853724 525
145638 689827 509
186032 438659 449
164101 113719 383
85327 648847 509
129405 723036 509
694002 42778 509
344174 318847 384
785394 516438 509
544904 405635 470
904432 210078 525
94396 136825 354
48648 470859 449
169359 224543 386
520906 285528 470
944437 654012 525
304247 324576 384
581717 419911 470
164120 503101 449
934358 954537 507
351788 748603 509
734892 621015 509
980401 274696 525
382616 251402 441
723272 388107 509
694853 553942 509
996546 290462 525
289169 224730 443
38254 236617 443
677060 143531 509
67340 177272 383
898450 463739 525
678935 43940 509
24944 605829 470
195453 260545 443
557920 328172 470
710855 833034 468
912227 866335 476
176501 229280 386
816658 741770 468
48592 132491 354
987300 190417 525
233684 569853 470
615480 985031 525
712711 594507 509
120795 2240 354
422344 754003 509
367487 792914 509
779714 444418 509
480344 479348 351
478916 531363 470
795564 221019 509
577331 171001 470
991667 660548 525
549534 489577 470
216728 164676 386
798490 297953 509
869102 34227 525
137222 185744 383
214089 256645 443
64710 694685 509
648256 127996 509
906327 872002 445
999616 877736 507
423257 660674 509
596889 193855 470
641665 356871 509
946998 4455 525
284862 691371 509
583442 807445 509
343040 284946 389
57275 457465 449
176702 312434 443
99802 888340 525
690592 250518 509
501092 801100 509
2031 72166 340
754346 923782 525
793408 702082 504
26996 993055 525
598417 278150 470
762886 106731 509
487947 996616 525
258220 127311 443
570583 549536 421
931561 122585 525
313795 506412 449
625113 398746 470
861289 668046 525
989974 585438 525
351380 555690 470
727928 514310 509
311181 98107 443
715761 572333 509
210374 179970 373
816535 268997 509
772355 742001 468
698639 620828 509
894897 987660 507
275012 397735 441
185069 699110 509
9021 174386 383
754986 280075 509
545607 127550 470
947673 207164 525
126584 79835 354
940848 873125 507
144947 805573 509
672802 359200 509
33535 215420 383
431610 226833 449
962633 85285 525
563572 704091 509
65645 166614 383
508556 930161 525
679739 376282 509
733172 805932 468
60643 780960 509
626434 516289 509
224121 59498 386
117992 261726 443
811376 964007 525
